2022-05-06 11:40:25,832 - INFO - Bot started!
2022-05-06 11:40:25,834 - INFO - Scheduler started
2022-05-06 11:41:34,400 - INFO - Received signal 2 (SIGINT), stopping...
2022-05-06 11:41:34,401 - INFO - Scheduler has been shut down
2022-05-06 11:41:39,060 - WARNING - Exiting immediately!
2022-05-06 12:01:48,566 - INFO - Bot started!
2022-05-06 12:01:48,567 - INFO - Scheduler started
2022-05-06 12:02:31,971 - INFO - Received signal 2 (SIGINT), stopping...
2022-05-06 12:02:31,971 - INFO - Scheduler has been shut down
2022-05-06 14:19:27,419 - INFO - Bot started!
2022-05-06 14:19:27,420 - INFO - Scheduler started
2022-05-06 14:25:35,017 - INFO - Received signal 2 (SIGINT), stopping...
2022-05-06 14:25:35,017 - INFO - Scheduler has been shut down
2022-05-06 14:25:42,362 - INFO - Bot started!
2022-05-06 14:25:42,364 - INFO - Scheduler started
2022-05-06 14:25:49,785 - INFO - Привет
2022-05-06 14:25:55,970 - INFO - Как дела?
2022-05-06 14:26:10,759 - INFO - Hello
2022-05-06 14:26:37,101 - INFO - Received signal 2 (SIGINT), stopping...
2022-05-06 14:26:37,101 - INFO - Scheduler has been shut down
2022-05-06 14:35:01,727 - INFO - Bot started!
2022-05-06 14:35:01,729 - INFO - Scheduler started
2022-05-06 14:47:02,649 - INFO - Bot started!
2022-05-06 14:47:02,651 - INFO - Scheduler started
2022-05-06 14:47:13,138 - INFO - Привет
2022-05-06 14:48:09,850 - INFO - Received signal 2 (SIGINT), stopping...
2022-05-06 14:48:09,850 - INFO - Scheduler has been shut down
2022-05-11 09:03:34,588 - INFO - Bot started!
2022-05-11 09:03:34,590 - INFO - Scheduler started
2022-05-11 09:03:52,095 - INFO - Hello
2022-05-11 09:03:58,270 - INFO - Vats
2022-05-11 09:08:26,133 - INFO - Bot started!
2022-05-11 09:08:26,134 - INFO - Scheduler started
2022-05-11 09:09:09,968 - INFO - Received signal 2 (SIGINT), stopping...
2022-05-11 09:09:09,968 - INFO - Scheduler has been shut down
2022-05-11 09:09:16,645 - WARNING - Exiting immediately!
